{"level":"info","message":"Listening on port 3000..."}
{"level":"error","message":"SQLITE_CANTOPEN: unable to open database file"}
{"level":"info","message":"Connected to the test database."}
{"level":"info","message":"Listening on port 3000..."}
{"level":"error","message":"SQLITE_CANTOPEN: unable to open database file"}
{"level":"info","message":"Connected to the test database."}
{"level":"info","message":"Listening on port 3000..."}
{"level":"error","message":"SQLITE_CANTOPEN: unable to open database file"}
{"level":"info","message":"Connected to the test database."}
{"level":"info","message":"Listening on port 3000..."}
{"level":"error","message":"SQLITE_CANTOPEN: unable to open database file"}
{"level":"info","message":"Connected to the test database."}
{"level":"info","message":"Listening on port 3000..."}
{"level":"error","message":"SQLITE_CANTOPEN: unable to open database file"}
{"level":"info","message":"Connected to the test database."}
{"level":"error","message":"db is not defined db is not defined","stack":"ReferenceError: db is not defined\n    at D:\\clipboard-assignment\\routes\\employees.js:17:5\n    at newFn (D:\\clipboard-assignment\\node_modules\\express-async-errors\\index.js:16:20)\n    at Layer.handle [as handle_request] (D:\\clipboard-assignment\\node_modules\\express\\lib\\router\\layer.js:95:5)\n    at next (D:\\clipboard-assignment\\node_modules\\express\\lib\\router\\route.js:144:13)\n    at Route.dispatch (D:\\clipboard-assignment\\node_modules\\express\\lib\\router\\route.js:114:3)\n    at newFn (D:\\clipboard-assignment\\node_modules\\express-async-errors\\index.js:16:20)\n    at Layer.handle [as handle_request] (D:\\clipboard-assignment\\node_modules\\express\\lib\\router\\layer.js:95:5)\n    at D:\\clipboard-assignment\\node_modules\\express\\lib\\router\\index.js:284:15\n    at Function.process_params (D:\\clipboard-assignment\\node_modules\\express\\lib\\router\\index.js:346:12)\n    at next (D:\\clipboard-assignment\\node_modules\\express\\lib\\router\\index.js:280:10)"}
{"level":"info","message":"Listening on port 3000..."}
{"level":"error","message":"SQLITE_CANTOPEN: unable to open database file"}
{"level":"info","message":"Connected to the test database."}
{"level":"error","message":"db.serialize is not a function db.serialize is not a function","stack":"TypeError: db.serialize is not a function\n    at D:\\clipboard-assignment\\routes\\employees.js:18:8\n    at newFn (D:\\clipboard-assignment\\node_modules\\express-async-errors\\index.js:16:20)\n    at Layer.handle [as handle_request] (D:\\clipboard-assignment\\node_modules\\express\\lib\\router\\layer.js:95:5)\n    at next (D:\\clipboard-assignment\\node_modules\\express\\lib\\router\\route.js:144:13)\n    at Route.dispatch (D:\\clipboard-assignment\\node_modules\\express\\lib\\router\\route.js:114:3)\n    at newFn (D:\\clipboard-assignment\\node_modules\\express-async-errors\\index.js:16:20)\n    at Layer.handle [as handle_request] (D:\\clipboard-assignment\\node_modules\\express\\lib\\router\\layer.js:95:5)\n    at D:\\clipboard-assignment\\node_modules\\express\\lib\\router\\index.js:284:15\n    at Function.process_params (D:\\clipboard-assignment\\node_modules\\express\\lib\\router\\index.js:346:12)\n    at next (D:\\clipboard-assignment\\node_modules\\express\\lib\\router\\index.js:280:10)"}
{"level":"info","message":"Listening on port 3000..."}
{"level":"error","message":"SQLITE_CANTOPEN: unable to open database file"}
{"level":"info","message":"Connected to the test database."}
{"level":"error","message":"SQLITE_CANTOPEN: unable to open database file"}
{"level":"info","message":"Connected to the test database."}
{"level":"error","message":"Cannot read property 'serialize' of undefined Cannot read property 'serialize' of undefined","stack":"TypeError: Cannot read property 'serialize' of undefined\n    at D:\\clipboard-assignment\\routes\\employees.js:18:8\n    at newFn (D:\\clipboard-assignment\\node_modules\\express-async-errors\\index.js:16:20)\n    at Layer.handle [as handle_request] (D:\\clipboard-assignment\\node_modules\\express\\lib\\router\\layer.js:95:5)\n    at next (D:\\clipboard-assignment\\node_modules\\express\\lib\\router\\route.js:144:13)\n    at Route.dispatch (D:\\clipboard-assignment\\node_modules\\express\\lib\\router\\route.js:114:3)\n    at newFn (D:\\clipboard-assignment\\node_modules\\express-async-errors\\index.js:16:20)\n    at Layer.handle [as handle_request] (D:\\clipboard-assignment\\node_modules\\express\\lib\\router\\layer.js:95:5)\n    at D:\\clipboard-assignment\\node_modules\\express\\lib\\router\\index.js:284:15\n    at Function.process_params (D:\\clipboard-assignment\\node_modules\\express\\lib\\router\\index.js:346:12)\n    at next (D:\\clipboard-assignment\\node_modules\\express\\lib\\router\\index.js:280:10)"}
{"level":"info","message":"Listening on port 3000..."}
{"level":"error","message":"SQLITE_CANTOPEN: unable to open database file"}
{"level":"info","message":"Connected to the test database."}
{"level":"error","message":"SQLITE_CANTOPEN: unable to open database file"}
{"level":"info","message":"Connected to the test database."}
{"level":"error","message":"SQLITE_CANTOPEN: unable to open database file"}
{"level":"info","message":"Connected to the test database."}
{"level":"info","message":"Listening on port 3000..."}
{"level":"error","message":"SQLITE_CANTOPEN: unable to open database file"}
{"level":"info","message":"Connected to the test database."}
{"level":"error","message":"SQLITE_CANTOPEN: unable to open database file"}
{"level":"info","message":"Connected to the test database."}
{"level":"info","message":"Listening on port 3000..."}
{"level":"error","message":"SQLITE_CANTOPEN: unable to open database file"}
{"level":"info","message":"Connected to the test database."}
{"level":"error","message":"SQLITE_CANTOPEN: unable to open database file"}
{"level":"info","message":"Connected to the test database."}
{"level":"info","message":"Listening on port 3000..."}
{"level":"error","message":"SQLITE_CANTOPEN: unable to open database file"}
{"level":"info","message":"Connected to the test database."}
{"level":"info","message":"Listening on port 3000..."}
{"level":"error","message":"SQLITE_CANTOPEN: unable to open database file"}
{"level":"info","message":"Connected to the test database."}
{"level":"error","message":"SQLITE_CANTOPEN: unable to open database file"}
{"level":"info","message":"Connected to the test database."}
{"level":"info","message":"Listening on port 3000..."}
{"level":"error","message":"SQLITE_CANTOPEN: unable to open database file"}
{"level":"info","message":"Connected to the test database."}
{"level":"info","message":"Listening on port 3000..."}
{"level":"error","message":"SQLITE_CANTOPEN: unable to open database file"}
{"level":"info","message":"Connected to the test database."}
{"level":"info","message":"Listening on port 3000..."}
{"level":"error","message":"SQLITE_CANTOPEN: unable to open database file"}
{"level":"info","message":"Connected to the test database."}
{"level":"info","message":"Listening on port 3000..."}
{"level":"error","message":"SQLITE_CANTOPEN: unable to open database file"}
{"level":"info","message":"Connected to the test database."}
{"level":"info","message":"Listening on port 3000..."}
{"level":"error","message":"SQLITE_CANTOPEN: unable to open database file"}
{"level":"info","message":"Connected to the test database."}
{"level":"info","message":"Listening on port 3000..."}
{"level":"error","message":"SQLITE_CANTOPEN: unable to open database file"}
{"level":"info","message":"Connected to the test database."}
{"level":"info","message":"Listening on port 3000..."}
{"level":"error","message":"SQLITE_CANTOPEN: unable to open database file"}
{"level":"info","message":"Connected to the test database."}
{"level":"info","message":"Listening on port 3000..."}
{"level":"error","message":"SQLITE_CANTOPEN: unable to open database file"}
{"level":"info","message":"Connected to the test database."}
{"level":"info","message":"Listening on port 3000..."}
{"level":"error","message":"SQLITE_CANTOPEN: unable to open database file"}
{"level":"info","message":"Connected to the test database."}
{"level":"error","message":"Joi.validate is not a function Joi.validate is not a function","stack":"TypeError: Joi.validate is not a function\n    at validateEmployee (D:\\clipboard-assignment\\validations\\employee.js:9:14)\n    at D:\\clipboard-assignment\\routes\\employees.js:9:23\n    at newFn (D:\\clipboard-assignment\\node_modules\\express-async-errors\\index.js:16:20)\n    at Layer.handle [as handle_request] (D:\\clipboard-assignment\\node_modules\\express\\lib\\router\\layer.js:95:5)\n    at next (D:\\clipboard-assignment\\node_modules\\express\\lib\\router\\route.js:144:13)\n    at Route.dispatch (D:\\clipboard-assignment\\node_modules\\express\\lib\\router\\route.js:114:3)\n    at newFn (D:\\clipboard-assignment\\node_modules\\express-async-errors\\index.js:16:20)\n    at Layer.handle [as handle_request] (D:\\clipboard-assignment\\node_modules\\express\\lib\\router\\layer.js:95:5)\n    at D:\\clipboard-assignment\\node_modules\\express\\lib\\router\\index.js:284:15\n    at Function.process_params (D:\\clipboard-assignment\\node_modules\\express\\lib\\router\\index.js:346:12)"}
{"level":"info","message":"Listening on port 3000..."}
{"level":"error","message":"SQLITE_CANTOPEN: unable to open database file"}
{"level":"info","message":"Connected to the test database."}
{"level":"error","message":"Joi.validate is not a function Joi.validate is not a function","stack":"TypeError: Joi.validate is not a function\n    at validateEmployee (D:\\clipboard-assignment\\validations\\employee.js:9:14)\n    at D:\\clipboard-assignment\\routes\\employees.js:9:23\n    at newFn (D:\\clipboard-assignment\\node_modules\\express-async-errors\\index.js:16:20)\n    at Layer.handle [as handle_request] (D:\\clipboard-assignment\\node_modules\\express\\lib\\router\\layer.js:95:5)\n    at next (D:\\clipboard-assignment\\node_modules\\express\\lib\\router\\route.js:144:13)\n    at Route.dispatch (D:\\clipboard-assignment\\node_modules\\express\\lib\\router\\route.js:114:3)\n    at newFn (D:\\clipboard-assignment\\node_modules\\express-async-errors\\index.js:16:20)\n    at Layer.handle [as handle_request] (D:\\clipboard-assignment\\node_modules\\express\\lib\\router\\layer.js:95:5)\n    at D:\\clipboard-assignment\\node_modules\\express\\lib\\router\\index.js:284:15\n    at Function.process_params (D:\\clipboard-assignment\\node_modules\\express\\lib\\router\\index.js:346:12)"}
{"level":"info","message":"Listening on port 3000..."}
{"level":"error","message":"SQLITE_CANTOPEN: unable to open database file"}
{"level":"info","message":"Connected to the test database."}
{"level":"error","message":"Joi.validate is not a function Joi.validate is not a function","stack":"TypeError: Joi.validate is not a function\n    at validateEmployee (D:\\clipboard-assignment\\validations\\employee.js:9:14)\n    at D:\\clipboard-assignment\\routes\\employees.js:9:23\n    at newFn (D:\\clipboard-assignment\\node_modules\\express-async-errors\\index.js:16:20)\n    at Layer.handle [as handle_request] (D:\\clipboard-assignment\\node_modules\\express\\lib\\router\\layer.js:95:5)\n    at next (D:\\clipboard-assignment\\node_modules\\express\\lib\\router\\route.js:144:13)\n    at Route.dispatch (D:\\clipboard-assignment\\node_modules\\express\\lib\\router\\route.js:114:3)\n    at newFn (D:\\clipboard-assignment\\node_modules\\express-async-errors\\index.js:16:20)\n    at Layer.handle [as handle_request] (D:\\clipboard-assignment\\node_modules\\express\\lib\\router\\layer.js:95:5)\n    at D:\\clipboard-assignment\\node_modules\\express\\lib\\router\\index.js:284:15\n    at Function.process_params (D:\\clipboard-assignment\\node_modules\\express\\lib\\router\\index.js:346:12)"}
{"level":"info","message":"Listening on port 3000..."}
{"level":"error","message":"SQLITE_CANTOPEN: unable to open database file"}
{"level":"info","message":"Connected to the test database."}
{"level":"error","message":"Cannot read property '0' of undefined Cannot read property '0' of undefined","stack":"TypeError: Cannot read property '0' of undefined\n    at D:\\clipboard-assignment\\routes\\employees.js:10:57\n    at newFn (D:\\clipboard-assignment\\node_modules\\express-async-errors\\index.js:16:20)\n    at Layer.handle [as handle_request] (D:\\clipboard-assignment\\node_modules\\express\\lib\\router\\layer.js:95:5)\n    at next (D:\\clipboard-assignment\\node_modules\\express\\lib\\router\\route.js:144:13)\n    at Route.dispatch (D:\\clipboard-assignment\\node_modules\\express\\lib\\router\\route.js:114:3)\n    at newFn (D:\\clipboard-assignment\\node_modules\\express-async-errors\\index.js:16:20)\n    at Layer.handle [as handle_request] (D:\\clipboard-assignment\\node_modules\\express\\lib\\router\\layer.js:95:5)\n    at D:\\clipboard-assignment\\node_modules\\express\\lib\\router\\index.js:284:15\n    at Function.process_params (D:\\clipboard-assignment\\node_modules\\express\\lib\\router\\index.js:346:12)\n    at next (D:\\clipboard-assignment\\node_modules\\express\\lib\\router\\index.js:280:10)"}
{"level":"info","message":"Listening on port 3000..."}
{"level":"error","message":"SQLITE_CANTOPEN: unable to open database file"}
{"level":"info","message":"Connected to the test database."}
{"level":"info","message":"Listening on port 3000..."}
{"level":"error","message":"SQLITE_CANTOPEN: unable to open database file"}
{"level":"info","message":"Connected to the test database."}
{"level":"error","message":"Joi.validate is not a function Joi.validate is not a function","stack":"TypeError: Joi.validate is not a function\n    at validateEmployee (D:\\clipboard-assignment\\validations\\employee.js:9:16)\n    at D:\\clipboard-assignment\\routes\\employees.js:9:23\n    at newFn (D:\\clipboard-assignment\\node_modules\\express-async-errors\\index.js:16:20)\n    at Layer.handle [as handle_request] (D:\\clipboard-assignment\\node_modules\\express\\lib\\router\\layer.js:95:5)\n    at next (D:\\clipboard-assignment\\node_modules\\express\\lib\\router\\route.js:144:13)\n    at Route.dispatch (D:\\clipboard-assignment\\node_modules\\express\\lib\\router\\route.js:114:3)\n    at newFn (D:\\clipboard-assignment\\node_modules\\express-async-errors\\index.js:16:20)\n    at Layer.handle [as handle_request] (D:\\clipboard-assignment\\node_modules\\express\\lib\\router\\layer.js:95:5)\n    at D:\\clipboard-assignment\\node_modules\\express\\lib\\router\\index.js:284:15\n    at Function.process_params (D:\\clipboard-assignment\\node_modules\\express\\lib\\router\\index.js:346:12)"}
{"level":"info","message":"Listening on port 3000..."}
{"level":"error","message":"SQLITE_CANTOPEN: unable to open database file"}
{"level":"info","message":"Connected to the test database."}
{"level":"error","message":"Joi.validate is not a function Joi.validate is not a function","stack":"TypeError: Joi.validate is not a function\n    at validateEmployee (D:\\clipboard-assignment\\validations\\employee.js:9:16)\n    at D:\\clipboard-assignment\\routes\\employees.js:9:23\n    at newFn (D:\\clipboard-assignment\\node_modules\\express-async-errors\\index.js:16:20)\n    at Layer.handle [as handle_request] (D:\\clipboard-assignment\\node_modules\\express\\lib\\router\\layer.js:95:5)\n    at next (D:\\clipboard-assignment\\node_modules\\express\\lib\\router\\route.js:144:13)\n    at Route.dispatch (D:\\clipboard-assignment\\node_modules\\express\\lib\\router\\route.js:114:3)\n    at newFn (D:\\clipboard-assignment\\node_modules\\express-async-errors\\index.js:16:20)\n    at Layer.handle [as handle_request] (D:\\clipboard-assignment\\node_modules\\express\\lib\\router\\layer.js:95:5)\n    at D:\\clipboard-assignment\\node_modules\\express\\lib\\router\\index.js:284:15\n    at Function.process_params (D:\\clipboard-assignment\\node_modules\\express\\lib\\router\\index.js:346:12)"}
{"level":"info","message":"Listening on port 3000..."}
{"level":"error","message":"SQLITE_CANTOPEN: unable to open database file"}
{"level":"info","message":"Connected to the test database."}
{"level":"error","message":"Joi.validate is not a function Joi.validate is not a function","stack":"TypeError: Joi.validate is not a function\n    at validateEmployee (D:\\clipboard-assignment\\validations\\employee.js:9:16)\n    at D:\\clipboard-assignment\\routes\\employees.js:10:23\n    at newFn (D:\\clipboard-assignment\\node_modules\\express-async-errors\\index.js:16:20)\n    at Layer.handle [as handle_request] (D:\\clipboard-assignment\\node_modules\\express\\lib\\router\\layer.js:95:5)\n    at next (D:\\clipboard-assignment\\node_modules\\express\\lib\\router\\route.js:144:13)\n    at Route.dispatch (D:\\clipboard-assignment\\node_modules\\express\\lib\\router\\route.js:114:3)\n    at newFn (D:\\clipboard-assignment\\node_modules\\express-async-errors\\index.js:16:20)\n    at Layer.handle [as handle_request] (D:\\clipboard-assignment\\node_modules\\express\\lib\\router\\layer.js:95:5)\n    at D:\\clipboard-assignment\\node_modules\\express\\lib\\router\\index.js:284:15\n    at Function.process_params (D:\\clipboard-assignment\\node_modules\\express\\lib\\router\\index.js:346:12)"}
{"level":"info","message":"Listening on port 3000..."}
{"level":"error","message":"SQLITE_CANTOPEN: unable to open database file"}
{"level":"info","message":"Connected to the test database."}
{"level":"info","message":"Listening on port 3000..."}
{"level":"error","message":"SQLITE_CANTOPEN: unable to open database file"}
{"level":"info","message":"Connected to the test database."}
{"level":"info","message":"Listening on port 3000..."}
{"level":"error","message":"SQLITE_CANTOPEN: unable to open database file"}
{"level":"info","message":"Connected to the test database."}
{"level":"info","message":"Listening on port 3000..."}
{"level":"error","message":"SQLITE_CANTOPEN: unable to open database file"}
{"level":"info","message":"Connected to the test database."}
{"level":"info","message":"Listening on port 3000..."}
{"level":"error","message":"SQLITE_CANTOPEN: unable to open database file"}
{"level":"info","message":"Connected to the test database."}
{"level":"info","message":"Listening on port 3000..."}
{"level":"error","message":"SQLITE_CANTOPEN: unable to open database file"}
{"level":"info","message":"Connected to the test database."}
{"level":"info","message":"Listening on port 3000..."}
{"level":"error","message":"SQLITE_CANTOPEN: unable to open database file"}
{"level":"info","message":"Connected to the test database."}
{"level":"info","message":"Listening on port 3000..."}
{"level":"error","message":"SQLITE_CANTOPEN: unable to open database file"}
{"level":"info","message":"Connected to the test database."}
{"level":"info","message":"Listening on port 3000..."}
{"level":"error","message":"SQLITE_CANTOPEN: unable to open database file"}
{"level":"info","message":"Connected to the test database."}
{"level":"info","message":"Listening on port 3000..."}
{"level":"error","message":"sqlite3 is not defined sqlite3 is not defined","stack":"ReferenceError: sqlite3 is not defined\n    at D:\\clipboard-assignment\\routes\\employees.js:11:14\n    at newFn (D:\\clipboard-assignment\\node_modules\\express-async-errors\\index.js:16:20)\n    at Layer.handle [as handle_request] (D:\\clipboard-assignment\\node_modules\\express\\lib\\router\\layer.js:95:5)\n    at next (D:\\clipboard-assignment\\node_modules\\express\\lib\\router\\route.js:144:13)\n    at Route.dispatch (D:\\clipboard-assignment\\node_modules\\express\\lib\\router\\route.js:114:3)\n    at newFn (D:\\clipboard-assignment\\node_modules\\express-async-errors\\index.js:16:20)\n    at Layer.handle [as handle_request] (D:\\clipboard-assignment\\node_modules\\express\\lib\\router\\layer.js:95:5)\n    at D:\\clipboard-assignment\\node_modules\\express\\lib\\router\\index.js:284:15\n    at Function.process_params (D:\\clipboard-assignment\\node_modules\\express\\lib\\router\\index.js:346:12)\n    at next (D:\\clipboard-assignment\\node_modules\\express\\lib\\router\\index.js:280:10)"}
{"level":"info","message":"Listening on port 3000..."}
{"level":"error","message":"SQLITE_CANTOPEN: unable to open database file"}
{"level":"info","message":"Connected to the test database."}
{"level":"info","message":"Listening on port 3000..."}
{"level":"error","message":"SQLITE_CANTOPEN: unable to open database file"}
{"level":"info","message":"Connected to the test database."}
{"level":"info","message":"Listening on port 3000..."}
{"level":"error","message":"SQLITE_CANTOPEN: unable to open database file"}
{"level":"info","message":"Connected to the test database."}
{"level":"info","message":"Listening on port 3000..."}
{"level":"error","message":"SQLITE_CANTOPEN: unable to open database file"}
{"level":"info","message":"Connected to the test database."}
{"level":"info","message":"Listening on port 3000..."}
{"level":"error","message":"SQLITE_CANTOPEN: unable to open database file"}
{"level":"info","message":"Connected to the test database."}
{"level":"info","message":"Listening on port 3000..."}
{"level":"error","message":"SQLITE_CANTOPEN: unable to open database file"}
{"level":"info","message":"Connected to the test database."}
{"level":"info","message":"Listening on port 3000..."}
{"level":"error","message":"SQLITE_CANTOPEN: unable to open database file"}
{"level":"info","message":"Connected to the test database."}
{"level":"info","message":"Listening on port 3000..."}
{"level":"error","message":"SQLITE_CANTOPEN: unable to open database file"}
{"level":"info","message":"Connected to the test database."}
{"level":"info","message":"Listening on port 3000..."}
{"level":"error","message":"SQLITE_CANTOPEN: unable to open database file"}
{"level":"info","message":"Connected to the test database."}
{"level":"info","message":"Listening on port 3000..."}
{"level":"error","message":"SQLITE_CANTOPEN: unable to open database file"}
{"level":"info","message":"Connected to the test database."}
{"level":"info","message":"Listening on port 3000..."}
{"level":"info","message":"Listening on port 3000..."}
{"level":"info","message":"Listening on port 3000..."}
{"level":"error","message":"Joi.validate is not a function Joi.validate is not a function","stack":"TypeError: Joi.validate is not a function\n    at validateEmployee (D:\\clipboard-assignment\\validations\\employee.js:9:16)\n    at D:\\clipboard-assignment\\routes\\employes.js:8:23\n    at newFn (D:\\clipboard-assignment\\node_modules\\express-async-errors\\index.js:16:20)\n    at Layer.handle [as handle_request] (D:\\clipboard-assignment\\node_modules\\express\\lib\\router\\layer.js:95:5)\n    at next (D:\\clipboard-assignment\\node_modules\\express\\lib\\router\\route.js:144:13)\n    at Route.dispatch (D:\\clipboard-assignment\\node_modules\\express\\lib\\router\\route.js:114:3)\n    at newFn (D:\\clipboard-assignment\\node_modules\\express-async-errors\\index.js:16:20)\n    at Layer.handle [as handle_request] (D:\\clipboard-assignment\\node_modules\\express\\lib\\router\\layer.js:95:5)\n    at D:\\clipboard-assignment\\node_modules\\express\\lib\\router\\index.js:284:15\n    at Function.process_params (D:\\clipboard-assignment\\node_modules\\express\\lib\\router\\index.js:346:12)"}
{"level":"error","message":"Joi.validate is not a function Joi.validate is not a function","stack":"TypeError: Joi.validate is not a function\n    at validateEmployee (D:\\clipboard-assignment\\validations\\employee.js:9:16)\n    at D:\\clipboard-assignment\\routes\\employes.js:8:23\n    at newFn (D:\\clipboard-assignment\\node_modules\\express-async-errors\\index.js:16:20)\n    at Layer.handle [as handle_request] (D:\\clipboard-assignment\\node_modules\\express\\lib\\router\\layer.js:95:5)\n    at next (D:\\clipboard-assignment\\node_modules\\express\\lib\\router\\route.js:144:13)\n    at Route.dispatch (D:\\clipboard-assignment\\node_modules\\express\\lib\\router\\route.js:114:3)\n    at newFn (D:\\clipboard-assignment\\node_modules\\express-async-errors\\index.js:16:20)\n    at Layer.handle [as handle_request] (D:\\clipboard-assignment\\node_modules\\express\\lib\\router\\layer.js:95:5)\n    at D:\\clipboard-assignment\\node_modules\\express\\lib\\router\\index.js:284:15\n    at Function.process_params (D:\\clipboard-assignment\\node_modules\\express\\lib\\router\\index.js:346:12)"}
{"level":"info","message":"Listening on port 3000..."}
{"level":"info","message":"Listening on port 3000..."}
{"level":"info","message":"Listening on port 3000..."}
{"level":"info","message":"Listening on port 3000..."}
{"level":"error","message":"SQLITE_CANTOPEN: unable to open database file"}
{"level":"info","message":"Connected to the test database."}
{"level":"info","message":"Listening on port 3000..."}
{"level":"error","message":"SQLITE_CANTOPEN: unable to open database file"}
{"level":"info","message":"Connected to the test database."}
{"level":"info","message":"Listening on port 3000..."}
{"level":"info","message":"Connected to the test database."}
{"level":"info","message":"Listening on port 3000..."}
{"level":"info","message":"Connected to the test database."}
{"level":"info","message":"Listening on port 3000..."}
{"level":"info","message":"Connected to the test database."}
{"level":"info","message":"Listening on port 3000..."}
{"level":"info","message":"Listening on port 3000..."}
{"level":"info","message":"Listening on port 3000..."}
{"level":"info","message":"Connected to the test database."}
{"level":"info","message":"Listening on port 3000..."}
{"level":"info","message":"Listening on port 3000..."}
